20:47:18.767 [main]  INFO  com.intuit.karate - Karate version: 1.4.0-SNAPSHOT
20:47:19.755 [main]  INFO  c.intuit.karate.core.FeatureRuntime - found scenario at line: 5
20:47:25.808 [main]  DEBUG com.intuit.karate - request:
1 > POST http://localhost:8080/type
1 > Content-Type: application/json; charset=UTF-8
1 > Content-Length: 31
1 > Host: localhost:8080
1 > Connection: Keep-Alive
1 > User-Agent: Apache-HttpClient/4.5.14 (Java/17.0.6)
1 > Accept-Encoding: gzip,deflate
{"sideA":2,"sideB":3,"sideC":4}

20:47:25.997 [main]  DEBUG com.intuit.karate - response time in milliseconds: 173
1 < 200
1 < Content-Type: application/json
1 < Transfer-Encoding: chunked
1 < Date: Tue, 28 Mar 2023 02:47:25 GMT
1 < Keep-Alive: timeout=60
1 < Connection: keep-alive
{"type":"SCALENE"}

20:47:26.375 [main]  INFO  com.intuit.karate - [print] SCALENE 
20:47:29.383 [main]  INFO  com.intuit.karate.Suite - <<pass>> feature 1 of 1 (0 remaining) triangle-karate-test/src/test/java/triangle/type/TriangleType.feature
21:05:47.473 [main]  INFO  com.intuit.karate - Karate version: 1.4.0-SNAPSHOT
21:05:57.793 [main]  INFO  com.intuit.karate.Suite - backed up existing 'target/karate-reports' dir to: target/karate-reports_1679972757760
21:06:04.595 [main]  DEBUG com.intuit.karate - request:
1 > POST http://localhost:8080/type
1 > Content-Type: application/json; charset=UTF-8
1 > Content-Length: 31
1 > Host: localhost:8080
1 > Connection: Keep-Alive
1 > User-Agent: Apache-HttpClient/4.5.14 (Java/17.0.6)
1 > Accept-Encoding: gzip,deflate
{"sideA":2,"sideB":3,"sideC":4}

21:06:04.833 [main]  DEBUG com.intuit.karate - response time in milliseconds: 222
1 < 200
1 < Content-Type: application/json
1 < Transfer-Encoding: chunked
1 < Date: Tue, 28 Mar 2023 03:06:04 GMT
1 < Keep-Alive: timeout=60
1 < Connection: keep-alive
{"type":"SCALENE"}

21:06:05.195 [main]  INFO  com.intuit.karate - [print] SCALENE 
21:06:05.308 [main]  DEBUG com.intuit.karate - request:
1 > POST http://localhost:8080/type
1 > Content-Type: application/json; charset=UTF-8
1 > Content-Length: 31
1 > Host: localhost:8080
1 > Connection: Keep-Alive
1 > User-Agent: Apache-HttpClient/4.5.14 (Java/17.0.6)
1 > Accept-Encoding: gzip,deflate
{"sideA":1,"sideB":1,"sideC":1}

21:06:05.374 [main]  DEBUG com.intuit.karate - response time in milliseconds: 64
1 < 200
1 < Content-Type: application/json
1 < Transfer-Encoding: chunked
1 < Date: Tue, 28 Mar 2023 03:06:04 GMT
1 < Keep-Alive: timeout=60
1 < Connection: keep-alive
{"type":"EQUILATERAL"}

21:06:05.385 [main]  INFO  com.intuit.karate - [print] EQUILATERAL 
21:06:05.422 [main]  DEBUG com.intuit.karate - request:
1 > POST http://localhost:8080/type
1 > Content-Type: application/json; charset=UTF-8
1 > Content-Length: 31
1 > Host: localhost:8080
1 > Connection: Keep-Alive
1 > User-Agent: Apache-HttpClient/4.5.14 (Java/17.0.6)
1 > Accept-Encoding: gzip,deflate
{"sideA":1,"sideB":2,"sideC":3}

21:06:05.505 [main]  DEBUG com.intuit.karate - response time in milliseconds: 82
1 < 500
1 < Content-Type: application/json
1 < Transfer-Encoding: chunked
1 < Date: Tue, 28 Mar 2023 03:06:04 GMT
1 < Connection: close
{"timestamp":"2023-03-28T03:06:05.502+00:00","status":500,"error":"Internal Server Error","path":"/type"}

21:06:05.545 [main]  ERROR com.intuit.karate - triangle-karate-test/src/test/java/triangle/type/TriangleType.feature:56
Then status 200
status code was: 500, expected: 200, response time in milliseconds: 82, url: http://localhost:8080/type, response: 
{"timestamp":"2023-03-28T03:06:05.502+00:00","status":500,"error":"Internal Server Error","path":"/type"}
triangle-karate-test/src/test/java/triangle/type/TriangleType.feature:56
21:06:08.256 [main]  INFO  com.intuit.karate.Suite - <<fail>> feature 1 of 1 (0 remaining) triangle-karate-test/src/test/java/triangle/type/TriangleType.feature
21:06:35.531 [main]  INFO  com.intuit.karate - Karate version: 1.4.0-SNAPSHOT
21:06:36.209 [main]  INFO  com.intuit.karate.Suite - backed up existing 'target/karate-reports' dir to: target/karate-reports_1679972796194
21:06:36.295 [main]  INFO  c.intuit.karate.core.FeatureRuntime - found scenario at line: 7
21:06:40.658 [main]  DEBUG com.intuit.karate - request:
1 > POST http://localhost:8080/type
1 > Content-Type: application/json; charset=UTF-8
1 > Content-Length: 31
1 > Host: localhost:8080
1 > Connection: Keep-Alive
1 > User-Agent: Apache-HttpClient/4.5.14 (Java/17.0.6)
1 > Accept-Encoding: gzip,deflate
{"sideA":2,"sideB":3,"sideC":4}

21:06:40.905 [main]  DEBUG com.intuit.karate - response time in milliseconds: 239
1 < 200
1 < Content-Type: application/json
1 < Transfer-Encoding: chunked
1 < Date: Tue, 28 Mar 2023 03:06:40 GMT
1 < Keep-Alive: timeout=60
1 < Connection: keep-alive
{"type":"SCALENE"}

21:06:41.156 [main]  INFO  com.intuit.karate - [print] SCALENE 
21:06:43.860 [main]  INFO  com.intuit.karate.Suite - <<pass>> feature 1 of 1 (0 remaining) triangle-karate-test/src/test/java/triangle/type/TriangleType.feature
21:11:41.712 [main]  INFO  com.intuit.karate - Karate version: 1.4.0-SNAPSHOT
21:11:42.268 [main]  INFO  com.intuit.karate.Suite - backed up existing 'target/karate-reports' dir to: target/karate-reports_1679973102252
21:11:47.077 [main]  DEBUG com.intuit.karate - request:
1 > POST http://localhost:8080/type
1 > Content-Type: application/json; charset=UTF-8
1 > Content-Length: 31
1 > Host: localhost:8080
1 > Connection: Keep-Alive
1 > User-Agent: Apache-HttpClient/4.5.14 (Java/17.0.6)
1 > Accept-Encoding: gzip,deflate
{"sideA":2,"sideB":3,"sideC":4}

21:11:47.411 [main]  DEBUG com.intuit.karate - response time in milliseconds: 326
1 < 200
1 < Content-Type: application/json
1 < Transfer-Encoding: chunked
1 < Date: Tue, 28 Mar 2023 03:11:47 GMT
1 < Keep-Alive: timeout=60
1 < Connection: keep-alive
{"type":"SCALENE"}

21:11:47.739 [main]  INFO  com.intuit.karate - [print] SCALENE 
21:11:47.821 [main]  DEBUG com.intuit.karate - request:
1 > POST http://localhost:8080/type
1 > Content-Type: application/json; charset=UTF-8
1 > Content-Length: 31
1 > Host: localhost:8080
1 > Connection: Keep-Alive
1 > User-Agent: Apache-HttpClient/4.5.14 (Java/17.0.6)
1 > Accept-Encoding: gzip,deflate
{"sideA":1,"sideB":1,"sideC":1}

21:11:47.830 [main]  DEBUG com.intuit.karate - response time in milliseconds: 8
1 < 200
1 < Content-Type: application/json
1 < Transfer-Encoding: chunked
1 < Date: Tue, 28 Mar 2023 03:11:47 GMT
1 < Keep-Alive: timeout=60
1 < Connection: keep-alive
{"type":"EQUILATERAL"}

21:11:47.842 [main]  INFO  com.intuit.karate - [print] EQUILATERAL 
21:11:47.867 [main]  DEBUG com.intuit.karate - request:
1 > POST http://localhost:8080/type
1 > Content-Type: application/json; charset=UTF-8
1 > Content-Length: 31
1 > Host: localhost:8080
1 > Connection: Keep-Alive
1 > User-Agent: Apache-HttpClient/4.5.14 (Java/17.0.6)
1 > Accept-Encoding: gzip,deflate
{"sideA":5,"sideB":5,"sideC":6}

21:11:47.895 [main]  DEBUG com.intuit.karate - response time in milliseconds: 27
1 < 200
1 < Content-Type: application/json
1 < Transfer-Encoding: chunked
1 < Date: Tue, 28 Mar 2023 03:11:47 GMT
1 < Keep-Alive: timeout=60
1 < Connection: keep-alive
{"type":"ISOSCELES"}

21:11:47.901 [main]  INFO  com.intuit.karate - [print] ISOSCELES 
21:11:47.916 [main]  DEBUG com.intuit.karate - request:
1 > POST http://localhost:8080/type
1 > Content-Type: application/json; charset=UTF-8
1 > Content-Length: 31
1 > Host: localhost:8080
1 > Connection: Keep-Alive
1 > User-Agent: Apache-HttpClient/4.5.14 (Java/17.0.6)
1 > Accept-Encoding: gzip,deflate
{"sideA":1,"sideB":2,"sideC":3}

21:11:47.954 [main]  DEBUG com.intuit.karate - response time in milliseconds: 36
1 < 500
1 < Content-Type: application/json
1 < Transfer-Encoding: chunked
1 < Date: Tue, 28 Mar 2023 03:11:47 GMT
1 < Connection: close
{"timestamp":"2023-03-28T03:11:47.951+00:00","status":500,"error":"Internal Server Error","path":"/type"}

21:11:50.408 [main]  INFO  com.intuit.karate.Suite - <<pass>> feature 1 of 1 (0 remaining) triangle-karate-test/src/test/java/triangle/type/TriangleType.feature
21:17:20.592 [main]  INFO  com.intuit.karate - Karate version: 1.4.0-SNAPSHOT
21:17:21.334 [main]  INFO  com.intuit.karate.Suite - backed up existing 'target/karate-reports' dir to: target/karate-reports_1679973441319
21:17:25.848 [main]  DEBUG com.intuit.karate - request:
1 > POST http://localhost:8080/type
1 > Content-Type: application/json; charset=UTF-8
1 > Content-Length: 31
1 > Host: localhost:8080
1 > Connection: Keep-Alive
1 > User-Agent: Apache-HttpClient/4.5.14 (Java/17.0.6)
1 > Accept-Encoding: gzip,deflate
{"sideA":2,"sideB":3,"sideC":4}

21:17:26.058 [main]  DEBUG com.intuit.karate - response time in milliseconds: 199
1 < 200
1 < Content-Type: application/json
1 < Transfer-Encoding: chunked
1 < Date: Tue, 28 Mar 2023 03:17:25 GMT
1 < Keep-Alive: timeout=60
1 < Connection: keep-alive
{"type":"SCALENE"}

21:17:26.283 [main]  INFO  com.intuit.karate - [print] SCALENE 
21:17:26.398 [main]  DEBUG com.intuit.karate - request:
1 > POST http://localhost:8080/type
1 > Content-Type: application/json; charset=UTF-8
1 > Content-Length: 31
1 > Host: localhost:8080
1 > Connection: Keep-Alive
1 > User-Agent: Apache-HttpClient/4.5.14 (Java/17.0.6)
1 > Accept-Encoding: gzip,deflate
{"sideA":1,"sideB":1,"sideC":1}

21:17:26.447 [main]  DEBUG com.intuit.karate - response time in milliseconds: 48
1 < 200
1 < Content-Type: application/json
1 < Transfer-Encoding: chunked
1 < Date: Tue, 28 Mar 2023 03:17:25 GMT
1 < Keep-Alive: timeout=60
1 < Connection: keep-alive
{"type":"EQUILATERAL"}

21:17:26.464 [main]  INFO  com.intuit.karate - [print] EQUILATERAL 
21:17:26.507 [main]  DEBUG com.intuit.karate - request:
1 > POST http://localhost:8080/type
1 > Content-Type: application/json; charset=UTF-8
1 > Content-Length: 31
1 > Host: localhost:8080
1 > Connection: Keep-Alive
1 > User-Agent: Apache-HttpClient/4.5.14 (Java/17.0.6)
1 > Accept-Encoding: gzip,deflate
{"sideA":5,"sideB":5,"sideC":6}

21:17:26.536 [main]  DEBUG com.intuit.karate - response time in milliseconds: 28
1 < 200
1 < Content-Type: application/json
1 < Transfer-Encoding: chunked
1 < Date: Tue, 28 Mar 2023 03:17:25 GMT
1 < Keep-Alive: timeout=60
1 < Connection: keep-alive
{"type":"ISOSCELES"}

21:17:26.548 [main]  INFO  com.intuit.karate - [print] ISOSCELES 
21:17:26.583 [main]  DEBUG com.intuit.karate - request:
1 > POST http://localhost:8080/type
1 > Content-Type: application/json; charset=UTF-8
1 > Content-Length: 31
1 > Host: localhost:8080
1 > Connection: Keep-Alive
1 > User-Agent: Apache-HttpClient/4.5.14 (Java/17.0.6)
1 > Accept-Encoding: gzip,deflate
{"sideA":1,"sideB":2,"sideC":3}

21:17:26.606 [main]  DEBUG com.intuit.karate - response time in milliseconds: 20
1 < 500
1 < Content-Type: application/json
1 < Transfer-Encoding: chunked
1 < Date: Tue, 28 Mar 2023 03:17:25 GMT
1 < Connection: close
{"timestamp":"2023-03-28T03:17:26.598+00:00","status":500,"error":"Internal Server Error","path":"/type"}

21:17:26.640 [main]  DEBUG com.intuit.karate - request:
1 > POST http://localhost:8080/type
1 > Content-Type: application/json; charset=UTF-8
1 > Content-Length: 31
1 > Host: localhost:8080
1 > Connection: Keep-Alive
1 > User-Agent: Apache-HttpClient/4.5.14 (Java/17.0.6)
1 > Accept-Encoding: gzip,deflate
{"sideA":0,"sideB":0,"sideC":0}

21:17:26.655 [main]  DEBUG com.intuit.karate - response time in milliseconds: 12
1 < 400
1 < Content-Type: application/json
1 < Transfer-Encoding: chunked
1 < Date: Tue, 28 Mar 2023 03:17:25 GMT
1 < Connection: close
{"errors":["sideA must be higher than 0","sideC must be higher than 0","sideB must be higher than 0"]}

21:17:26.677 [main]  INFO  com.intuit.karate - [print] [
  "sideA must be higher than 0",
  "sideC must be higher than 0",
  "sideB must be higher than 0"
]
 
21:17:29.037 [main]  INFO  com.intuit.karate.Suite - <<pass>> feature 1 of 1 (0 remaining) triangle-karate-test/src/test/java/triangle/type/TriangleType.feature
21:23:23.389 [main]  INFO  com.intuit.karate - Karate version: 1.4.0-SNAPSHOT
21:23:24.192 [main]  INFO  com.intuit.karate.Suite - backed up existing 'target/karate-reports' dir to: target/karate-reports_1679973804187
21:23:24.228 [main]  INFO  c.intuit.karate.core.FeatureRuntime - found scenario at line: 94
21:23:28.251 [main]  DEBUG com.intuit.karate - request:
1 > POST http://localhost:8080/type
1 > Content-Type: application/json; charset=UTF-8
1 > Content-Length: 31
1 > Host: localhost:8080
1 > Connection: Keep-Alive
1 > User-Agent: Apache-HttpClient/4.5.14 (Java/17.0.6)
1 > Accept-Encoding: gzip,deflate
{"sideA":0,"sideB":0,"sideC":0}

21:23:28.422 [main]  DEBUG com.intuit.karate - response time in milliseconds: 168
1 < 400
1 < Content-Type: application/json
1 < Transfer-Encoding: chunked
1 < Date: Tue, 28 Mar 2023 03:23:28 GMT
1 < Connection: close
{"errors":["sideB must be higher than 0","sideA must be higher than 0","sideC must be higher than 0"]}

21:23:28.563 [main]  INFO  com.intuit.karate - [print] [
  "sideB must be higher than 0",
  "sideA must be higher than 0",
  "sideC must be higher than 0"
]
 
21:23:30.615 [main]  INFO  com.intuit.karate.Suite - <<pass>> feature 1 of 1 (0 remaining) triangle-karate-test/src/test/java/triangle/type/TriangleType.feature
21:24:19.989 [main]  INFO  com.intuit.karate - Karate version: 1.4.0-SNAPSHOT
21:24:20.471 [main]  INFO  com.intuit.karate.Suite - backed up existing 'target/karate-reports' dir to: target/karate-reports_1679973860458
21:24:20.542 [main]  INFO  c.intuit.karate.core.FeatureRuntime - found scenario at line: 76
21:24:24.646 [main]  DEBUG com.intuit.karate - request:
1 > POST http://localhost:8080/type
1 > Content-Type: application/json; charset=UTF-8
1 > Content-Length: 31
1 > Host: localhost:8080
1 > Connection: Keep-Alive
1 > User-Agent: Apache-HttpClient/4.5.14 (Java/17.0.6)
1 > Accept-Encoding: gzip,deflate
{"sideA":1,"sideB":0,"sideC":2}

21:24:24.837 [main]  DEBUG com.intuit.karate - response time in milliseconds: 184
1 < 400
1 < Content-Type: application/json
1 < Transfer-Encoding: chunked
1 < Date: Tue, 28 Mar 2023 03:24:24 GMT
1 < Connection: close
{"errors":["sideB must be higher than 0"]}

21:24:25.089 [main]  INFO  com.intuit.karate - [print] [
  "sideB must be higher than 0"
]
 
21:24:27.744 [main]  INFO  com.intuit.karate.Suite - <<pass>> feature 1 of 1 (0 remaining) triangle-karate-test/src/test/java/triangle/type/TriangleType.feature
21:27:42.731 [main]  INFO  com.intuit.karate - Karate version: 1.4.0-SNAPSHOT
21:27:43.710 [main]  INFO  com.intuit.karate.Suite - backed up existing 'target/karate-reports' dir to: target/karate-reports_1679974063697
21:27:48.468 [main]  DEBUG com.intuit.karate - request:
1 > POST http://localhost:8080/type
1 > Content-Type: application/json; charset=UTF-8
1 > Content-Length: 31
1 > Host: localhost:8080
1 > Connection: Keep-Alive
1 > User-Agent: Apache-HttpClient/4.5.14 (Java/17.0.6)
1 > Accept-Encoding: gzip,deflate
{"sideA":2,"sideB":3,"sideC":4}

21:27:48.546 [main]  DEBUG com.intuit.karate - response time in milliseconds: 73
1 < 200
1 < Content-Type: application/json
1 < Transfer-Encoding: chunked
1 < Date: Tue, 28 Mar 2023 03:27:48 GMT
1 < Keep-Alive: timeout=60
1 < Connection: keep-alive
{"type":"SCALENE"}

21:27:48.710 [main]  INFO  com.intuit.karate - [print] SCALENE 
21:27:48.770 [main]  DEBUG com.intuit.karate - request:
1 > POST http://localhost:8080/type
1 > Content-Type: application/json; charset=UTF-8
1 > Content-Length: 31
1 > Host: localhost:8080
1 > Connection: Keep-Alive
1 > User-Agent: Apache-HttpClient/4.5.14 (Java/17.0.6)
1 > Accept-Encoding: gzip,deflate
{"sideA":1,"sideB":1,"sideC":1}

21:27:48.779 [main]  DEBUG com.intuit.karate - response time in milliseconds: 7
1 < 200
1 < Content-Type: application/json
1 < Transfer-Encoding: chunked
1 < Date: Tue, 28 Mar 2023 03:27:48 GMT
1 < Keep-Alive: timeout=60
1 < Connection: keep-alive
{"type":"EQUILATERAL"}

21:27:48.785 [main]  INFO  com.intuit.karate - [print] EQUILATERAL 
21:27:48.801 [main]  DEBUG com.intuit.karate - request:
1 > POST http://localhost:8080/type
1 > Content-Type: application/json; charset=UTF-8
1 > Content-Length: 31
1 > Host: localhost:8080
1 > Connection: Keep-Alive
1 > User-Agent: Apache-HttpClient/4.5.14 (Java/17.0.6)
1 > Accept-Encoding: gzip,deflate
{"sideA":5,"sideB":5,"sideC":6}

21:27:48.808 [main]  DEBUG com.intuit.karate - response time in milliseconds: 6
1 < 200
1 < Content-Type: application/json
1 < Transfer-Encoding: chunked
1 < Date: Tue, 28 Mar 2023 03:27:48 GMT
1 < Keep-Alive: timeout=60
1 < Connection: keep-alive
{"type":"ISOSCELES"}

21:27:48.814 [main]  INFO  com.intuit.karate - [print] ISOSCELES 
21:27:48.837 [main]  DEBUG com.intuit.karate - request:
1 > POST http://localhost:8080/type
1 > Content-Type: application/json; charset=UTF-8
1 > Content-Length: 31
1 > Host: localhost:8080
1 > Connection: Keep-Alive
1 > User-Agent: Apache-HttpClient/4.5.14 (Java/17.0.6)
1 > Accept-Encoding: gzip,deflate
{"sideA":1,"sideB":2,"sideC":3}

21:27:48.913 [main]  DEBUG com.intuit.karate - response time in milliseconds: 74
1 < 500
1 < Content-Type: application/json
1 < Transfer-Encoding: chunked
1 < Date: Tue, 28 Mar 2023 03:27:48 GMT
1 < Connection: close
{"timestamp":"2023-03-28T03:27:48.909+00:00","status":500,"error":"Internal Server Error","path":"/type"}

21:27:48.934 [main]  DEBUG com.intuit.karate - request:
1 > POST http://localhost:8080/type
1 > Content-Type: application/json; charset=UTF-8
1 > Content-Length: 31
1 > Host: localhost:8080
1 > Connection: Keep-Alive
1 > User-Agent: Apache-HttpClient/4.5.14 (Java/17.0.6)
1 > Accept-Encoding: gzip,deflate
{"sideA":1,"sideB":0,"sideC":2}

21:27:48.948 [main]  DEBUG com.intuit.karate - response time in milliseconds: 13
1 < 400
1 < Content-Type: application/json
1 < Transfer-Encoding: chunked
1 < Date: Tue, 28 Mar 2023 03:27:48 GMT
1 < Connection: close
{"errors":["sideB must be higher than 0"]}

21:27:48.961 [main]  INFO  com.intuit.karate - [print] [
  "sideB must be higher than 0"
]
 
21:27:48.992 [main]  DEBUG com.intuit.karate - request:
1 > POST http://localhost:8080/type
1 > Content-Type: application/json; charset=UTF-8
1 > Content-Length: 31
1 > Host: localhost:8080
1 > Connection: Keep-Alive
1 > User-Agent: Apache-HttpClient/4.5.14 (Java/17.0.6)
1 > Accept-Encoding: gzip,deflate
{"sideA":0,"sideB":0,"sideC":0}

21:27:49.003 [main]  DEBUG com.intuit.karate - response time in milliseconds: 10
1 < 400
1 < Content-Type: application/json
1 < Transfer-Encoding: chunked
1 < Date: Tue, 28 Mar 2023 03:27:48 GMT
1 < Connection: close
{"errors":["sideA must be higher than 0","sideC must be higher than 0","sideB must be higher than 0"]}

21:27:49.009 [main]  INFO  com.intuit.karate - [print] [
  "sideA must be higher than 0",
  "sideC must be higher than 0",
  "sideB must be higher than 0"
]
 
21:27:49.028 [main]  DEBUG com.intuit.karate - request:
1 > POST http://localhost:8080/type
1 > Content-Type: application/json; charset=UTF-8
1 > Content-Length: 32
1 > Host: localhost:8080
1 > Connection: Keep-Alive
1 > User-Agent: Apache-HttpClient/4.5.14 (Java/17.0.6)
1 > Accept-Encoding: gzip,deflate
{"sideA":-1,"sideB":4,"sideC":3}

21:27:49.037 [main]  DEBUG com.intuit.karate - response time in milliseconds: 9
1 < 400
1 < Content-Type: application/json
1 < Transfer-Encoding: chunked
1 < Date: Tue, 28 Mar 2023 03:27:48 GMT
1 < Connection: close
{"errors":["sideA must be higher than 0"]}

21:27:49.041 [main]  INFO  com.intuit.karate - [print] [
  "sideA must be higher than 0"
]
 
21:27:49.060 [main]  DEBUG com.intuit.karate - request:
1 > POST http://localhost:8080/type
1 > Content-Type: application/json; charset=UTF-8
1 > Content-Length: 37
1 > Host: localhost:8080
1 > Connection: Keep-Alive
1 > User-Agent: Apache-HttpClient/4.5.14 (Java/17.0.6)
1 > Accept-Encoding: gzip,deflate
{"sideA":-100,"sideB":-4,"sideC":-26}

21:27:49.085 [main]  DEBUG com.intuit.karate - response time in milliseconds: 24
1 < 400
1 < Content-Type: application/json
1 < Transfer-Encoding: chunked
1 < Date: Tue, 28 Mar 2023 03:27:48 GMT
1 < Connection: close
{"errors":["sideC must be higher than 0","sideA must be higher than 0","sideB must be higher than 0"]}

21:27:49.091 [main]  INFO  com.intuit.karate - [print] [
  "sideC must be higher than 0",
  "sideA must be higher than 0",
  "sideB must be higher than 0"
]
 
21:27:51.671 [main]  INFO  com.intuit.karate.Suite - <<pass>> feature 1 of 1 (0 remaining) triangle-karate-test/src/test/java/triangle/type/TriangleType.feature
21:29:51.649 [main]  INFO  com.intuit.karate - Karate version: 1.4.0-SNAPSHOT
21:29:52.087 [main]  INFO  com.intuit.karate.Suite - backed up existing 'target/karate-reports' dir to: target/karate-reports_1679974192080
21:29:52.140 [main]  INFO  c.intuit.karate.core.FeatureRuntime - found scenario at line: 148
21:29:56.567 [main]  DEBUG com.intuit.karate - request:
1 > POST http://localhost:8080/type
1 > Content-Type: application/json; charset=UTF-8
1 > Content-Length: 37
1 > Host: localhost:8080
1 > Connection: Keep-Alive
1 > User-Agent: Apache-HttpClient/4.5.14 (Java/17.0.6)
1 > Accept-Encoding: gzip,deflate
{"sideA":2,"sideB":"4.67f","sideC":3}

21:29:56.800 [main]  DEBUG com.intuit.karate - response time in milliseconds: 221
1 < 400
1 < Content-Type: application/json
1 < Transfer-Encoding: chunked
1 < Date: Tue, 28 Mar 2023 03:29:56 GMT
1 < Connection: close
{"timestamp":"2023-03-28T03:29:56.766+00:00","status":400,"error":"Bad Request","path":"/type"}

21:29:59.105 [main]  INFO  com.intuit.karate.Suite - <<pass>> feature 1 of 1 (0 remaining) triangle-karate-test/src/test/java/triangle/type/TriangleType.feature
21:34:46.774 [main]  INFO  com.intuit.karate - Karate version: 1.4.0-SNAPSHOT
21:34:47.250 [main]  INFO  com.intuit.karate.Suite - backed up existing 'target/karate-reports' dir to: target/karate-reports_1679974487238
21:34:50.775 [main]  DEBUG com.intuit.karate - request:
1 > POST http://localhost:8080/type
1 > Content-Type: application/json; charset=UTF-8
1 > Content-Length: 31
1 > Host: localhost:8080
1 > Connection: Keep-Alive
1 > User-Agent: Apache-HttpClient/4.5.14 (Java/17.0.6)
1 > Accept-Encoding: gzip,deflate
{"sideA":2,"sideB":3,"sideC":4}

21:34:50.997 [main]  DEBUG com.intuit.karate - response time in milliseconds: 208
1 < 200
1 < Content-Type: application/json
1 < Transfer-Encoding: chunked
1 < Date: Tue, 28 Mar 2023 03:34:50 GMT
1 < Keep-Alive: timeout=60
1 < Connection: keep-alive
{"type":"SCALENE"}

21:34:51.264 [main]  INFO  com.intuit.karate - [print] SCALENE 
21:34:51.342 [main]  DEBUG com.intuit.karate - request:
1 > POST http://localhost:8080/type
1 > Content-Type: application/json; charset=UTF-8
1 > Content-Length: 31
1 > Host: localhost:8080
1 > Connection: Keep-Alive
1 > User-Agent: Apache-HttpClient/4.5.14 (Java/17.0.6)
1 > Accept-Encoding: gzip,deflate
{"sideA":1,"sideB":1,"sideC":1}

21:34:51.408 [main]  DEBUG com.intuit.karate - response time in milliseconds: 64
1 < 200
1 < Content-Type: application/json
1 < Transfer-Encoding: chunked
1 < Date: Tue, 28 Mar 2023 03:34:50 GMT
1 < Keep-Alive: timeout=60
1 < Connection: keep-alive
{"type":"EQUILATERAL"}

21:34:51.417 [main]  INFO  com.intuit.karate - [print] EQUILATERAL 
21:34:51.463 [main]  DEBUG com.intuit.karate - request:
1 > POST http://localhost:8080/type
1 > Content-Type: application/json; charset=UTF-8
1 > Content-Length: 31
1 > Host: localhost:8080
1 > Connection: Keep-Alive
1 > User-Agent: Apache-HttpClient/4.5.14 (Java/17.0.6)
1 > Accept-Encoding: gzip,deflate
{"sideA":5,"sideB":5,"sideC":6}

21:34:51.479 [main]  DEBUG com.intuit.karate - response time in milliseconds: 13
1 < 200
1 < Content-Type: application/json
1 < Transfer-Encoding: chunked
1 < Date: Tue, 28 Mar 2023 03:34:50 GMT
1 < Keep-Alive: timeout=60
1 < Connection: keep-alive
{"type":"ISOSCELES"}

21:34:51.498 [main]  INFO  com.intuit.karate - [print] ISOSCELES 
21:34:51.550 [main]  DEBUG com.intuit.karate - request:
1 > POST http://localhost:8080/type
1 > Content-Type: application/json; charset=UTF-8
1 > Content-Length: 31
1 > Host: localhost:8080
1 > Connection: Keep-Alive
1 > User-Agent: Apache-HttpClient/4.5.14 (Java/17.0.6)
1 > Accept-Encoding: gzip,deflate
{"sideA":1,"sideB":2,"sideC":3}

21:34:51.584 [main]  DEBUG com.intuit.karate - response time in milliseconds: 33
1 < 500
1 < Content-Type: application/json
1 < Transfer-Encoding: chunked
1 < Date: Tue, 28 Mar 2023 03:34:50 GMT
1 < Connection: close
{"timestamp":"2023-03-28T03:34:51.579+00:00","status":500,"error":"Internal Server Error","path":"/type"}

21:34:51.617 [main]  DEBUG com.intuit.karate - request:
1 > POST http://localhost:8080/type
1 > Content-Type: application/json; charset=UTF-8
1 > Content-Length: 31
1 > Host: localhost:8080
1 > Connection: Keep-Alive
1 > User-Agent: Apache-HttpClient/4.5.14 (Java/17.0.6)
1 > Accept-Encoding: gzip,deflate
{"sideA":1,"sideB":0,"sideC":2}

21:34:51.655 [main]  DEBUG com.intuit.karate - response time in milliseconds: 37
1 < 400
1 < Content-Type: application/json
1 < Transfer-Encoding: chunked
1 < Date: Tue, 28 Mar 2023 03:34:50 GMT
1 < Connection: close
{"errors":["sideB must be higher than 0"]}

21:34:51.668 [main]  INFO  com.intuit.karate - [print] [
  "sideB must be higher than 0"
]
 
21:34:51.706 [main]  DEBUG com.intuit.karate - request:
1 > POST http://localhost:8080/type
1 > Content-Type: application/json; charset=UTF-8
1 > Content-Length: 31
1 > Host: localhost:8080
1 > Connection: Keep-Alive
1 > User-Agent: Apache-HttpClient/4.5.14 (Java/17.0.6)
1 > Accept-Encoding: gzip,deflate
{"sideA":0,"sideB":0,"sideC":0}

21:34:51.719 [main]  DEBUG com.intuit.karate - response time in milliseconds: 10
1 < 400
1 < Content-Type: application/json
1 < Transfer-Encoding: chunked
1 < Date: Tue, 28 Mar 2023 03:34:50 GMT
1 < Connection: close
{"errors":["sideC must be higher than 0","sideB must be higher than 0","sideA must be higher than 0"]}

21:34:51.726 [main]  INFO  com.intuit.karate - [print] [
  "sideC must be higher than 0",
  "sideB must be higher than 0",
  "sideA must be higher than 0"
]
 
21:34:51.755 [main]  DEBUG com.intuit.karate - request:
1 > POST http://localhost:8080/type
1 > Content-Type: application/json; charset=UTF-8
1 > Content-Length: 32
1 > Host: localhost:8080
1 > Connection: Keep-Alive
1 > User-Agent: Apache-HttpClient/4.5.14 (Java/17.0.6)
1 > Accept-Encoding: gzip,deflate
{"sideA":-1,"sideB":4,"sideC":3}

21:34:51.770 [main]  DEBUG com.intuit.karate - response time in milliseconds: 12
1 < 400
1 < Content-Type: application/json
1 < Transfer-Encoding: chunked
1 < Date: Tue, 28 Mar 2023 03:34:50 GMT
1 < Connection: close
{"errors":["sideA must be higher than 0"]}

21:34:51.775 [main]  INFO  com.intuit.karate - [print] [
  "sideA must be higher than 0"
]
 
21:34:51.795 [main]  DEBUG com.intuit.karate - request:
1 > POST http://localhost:8080/type
1 > Content-Type: application/json; charset=UTF-8
1 > Content-Length: 37
1 > Host: localhost:8080
1 > Connection: Keep-Alive
1 > User-Agent: Apache-HttpClient/4.5.14 (Java/17.0.6)
1 > Accept-Encoding: gzip,deflate
{"sideA":-100,"sideB":-4,"sideC":-26}

21:34:51.809 [main]  DEBUG com.intuit.karate - response time in milliseconds: 12
1 < 400
1 < Content-Type: application/json
1 < Transfer-Encoding: chunked
1 < Date: Tue, 28 Mar 2023 03:34:50 GMT
1 < Connection: close
{"errors":["sideB must be higher than 0","sideA must be higher than 0","sideC must be higher than 0"]}

21:34:51.813 [main]  INFO  com.intuit.karate - [print] [
  "sideB must be higher than 0",
  "sideA must be higher than 0",
  "sideC must be higher than 0"
]
 
21:34:51.836 [main]  DEBUG com.intuit.karate - request:
1 > POST http://localhost:8080/type
1 > Content-Type: application/json; charset=UTF-8
1 > Content-Length: 37
1 > Host: localhost:8080
1 > Connection: Keep-Alive
1 > User-Agent: Apache-HttpClient/4.5.14 (Java/17.0.6)
1 > Accept-Encoding: gzip,deflate
{"sideA":2,"sideB":"4.67f","sideC":3}

21:34:51.908 [main]  DEBUG com.intuit.karate - response time in milliseconds: 70
1 < 400
1 < Content-Type: application/json
1 < Transfer-Encoding: chunked
1 < Date: Tue, 28 Mar 2023 03:34:50 GMT
1 < Connection: close
{"timestamp":"2023-03-28T03:34:51.891+00:00","status":400,"error":"Bad Request","path":"/type"}

21:34:51.941 [main]  DEBUG com.intuit.karate - request:
1 > POST http://localhost:8080/type
1 > Content-Type: application/json; charset=UTF-8
1 > Content-Length: 58
1 > Host: localhost:8080
1 > Connection: Keep-Alive
1 > User-Agent: Apache-HttpClient/4.5.14 (Java/17.0.6)
1 > Accept-Encoding: gzip,deflate
{"sideA":2.71828183,"sideB":3.14159265,"sideC":1.61803399}

21:34:52.009 [main]  DEBUG com.intuit.karate - response time in milliseconds: 67
1 < 500
1 < Content-Type: application/json
1 < Transfer-Encoding: chunked
1 < Date: Tue, 28 Mar 2023 03:34:52 GMT
1 < Connection: close
{"timestamp":"2023-03-28T03:34:52.005+00:00","status":500,"error":"Internal Server Error","path":"/type"}

21:34:52.043 [main]  ERROR com.intuit.karate - triangle-karate-test/src/test/java/triangle/type/TriangleType.feature:176
Then status 400
status code was: 500, expected: 400, response time in milliseconds: 67, url: http://localhost:8080/type, response: 
{"timestamp":"2023-03-28T03:34:52.005+00:00","status":500,"error":"Internal Server Error","path":"/type"}
triangle-karate-test/src/test/java/triangle/type/TriangleType.feature:176
21:34:52.076 [main]  DEBUG com.intuit.karate - request:
1 > POST http://localhost:8080/type
1 > Content-Type: application/json; charset=UTF-8
1 > Content-Length: 58
1 > Host: localhost:8080
1 > Connection: Keep-Alive
1 > User-Agent: Apache-HttpClient/4.5.14 (Java/17.0.6)
1 > Accept-Encoding: gzip,deflate
{"sideA":2.71828183,"sideB":3.14159265,"sideC":4.44444444}

21:34:52.111 [main]  DEBUG com.intuit.karate - response time in milliseconds: 30
1 < 200
1 < Content-Type: application/json
1 < Transfer-Encoding: chunked
1 < Date: Tue, 28 Mar 2023 03:34:52 GMT
1 < Keep-Alive: timeout=60
1 < Connection: keep-alive
{"type":"SCALENE"}

21:34:52.115 [main]  INFO  com.intuit.karate - [print] SCALENE 
21:34:54.727 [main]  INFO  com.intuit.karate.Suite - <<fail>> feature 1 of 1 (0 remaining) triangle-karate-test/src/test/java/triangle/type/TriangleType.feature
21:36:28.193 [main]  INFO  com.intuit.karate - Karate version: 1.4.0-SNAPSHOT
21:36:28.725 [main]  INFO  com.intuit.karate.Suite - backed up existing 'target/karate-reports' dir to: target/karate-reports_1679974588701
21:36:33.664 [main]  DEBUG com.intuit.karate - request:
1 > POST http://localhost:8080/type
1 > Content-Type: application/json; charset=UTF-8
1 > Content-Length: 31
1 > Host: localhost:8080
1 > Connection: Keep-Alive
1 > User-Agent: Apache-HttpClient/4.5.14 (Java/17.0.6)
1 > Accept-Encoding: gzip,deflate
{"sideA":2,"sideB":3,"sideC":4}

21:36:33.815 [main]  DEBUG com.intuit.karate - response time in milliseconds: 145
1 < 200
1 < Content-Type: application/json
1 < Transfer-Encoding: chunked
1 < Date: Tue, 28 Mar 2023 03:36:33 GMT
1 < Keep-Alive: timeout=60
1 < Connection: keep-alive
{"type":"SCALENE"}

21:36:34.050 [main]  INFO  com.intuit.karate - [print] SCALENE 
21:36:34.163 [main]  DEBUG com.intuit.karate - request:
1 > POST http://localhost:8080/type
1 > Content-Type: application/json; charset=UTF-8
1 > Content-Length: 31
1 > Host: localhost:8080
1 > Connection: Keep-Alive
1 > User-Agent: Apache-HttpClient/4.5.14 (Java/17.0.6)
1 > Accept-Encoding: gzip,deflate
{"sideA":1,"sideB":1,"sideC":1}

21:36:34.171 [main]  DEBUG com.intuit.karate - response time in milliseconds: 7
1 < 200
1 < Content-Type: application/json
1 < Transfer-Encoding: chunked
1 < Date: Tue, 28 Mar 2023 03:36:33 GMT
1 < Keep-Alive: timeout=60
1 < Connection: keep-alive
{"type":"EQUILATERAL"}

21:36:34.182 [main]  INFO  com.intuit.karate - [print] EQUILATERAL 
21:36:34.209 [main]  DEBUG com.intuit.karate - request:
1 > POST http://localhost:8080/type
1 > Content-Type: application/json; charset=UTF-8
1 > Content-Length: 31
1 > Host: localhost:8080
1 > Connection: Keep-Alive
1 > User-Agent: Apache-HttpClient/4.5.14 (Java/17.0.6)
1 > Accept-Encoding: gzip,deflate
{"sideA":5,"sideB":5,"sideC":6}

21:36:34.217 [main]  DEBUG com.intuit.karate - response time in milliseconds: 6
1 < 200
1 < Content-Type: application/json
1 < Transfer-Encoding: chunked
1 < Date: Tue, 28 Mar 2023 03:36:33 GMT
1 < Keep-Alive: timeout=60
1 < Connection: keep-alive
{"type":"ISOSCELES"}

21:36:34.225 [main]  INFO  com.intuit.karate - [print] ISOSCELES 
21:36:34.245 [main]  DEBUG com.intuit.karate - request:
1 > POST http://localhost:8080/type
1 > Content-Type: application/json; charset=UTF-8
1 > Content-Length: 31
1 > Host: localhost:8080
1 > Connection: Keep-Alive
1 > User-Agent: Apache-HttpClient/4.5.14 (Java/17.0.6)
1 > Accept-Encoding: gzip,deflate
{"sideA":1,"sideB":2,"sideC":3}

21:36:34.335 [main]  DEBUG com.intuit.karate - response time in milliseconds: 90
1 < 500
1 < Content-Type: application/json
1 < Transfer-Encoding: chunked
1 < Date: Tue, 28 Mar 2023 03:36:33 GMT
1 < Connection: close
{"timestamp":"2023-03-28T03:36:34.333+00:00","status":500,"error":"Internal Server Error","path":"/type"}

21:36:34.350 [main]  DEBUG com.intuit.karate - request:
1 > POST http://localhost:8080/type
1 > Content-Type: application/json; charset=UTF-8
1 > Content-Length: 31
1 > Host: localhost:8080
1 > Connection: Keep-Alive
1 > User-Agent: Apache-HttpClient/4.5.14 (Java/17.0.6)
1 > Accept-Encoding: gzip,deflate
{"sideA":1,"sideB":0,"sideC":2}

21:36:34.376 [main]  DEBUG com.intuit.karate - response time in milliseconds: 26
1 < 400
1 < Content-Type: application/json
1 < Transfer-Encoding: chunked
1 < Date: Tue, 28 Mar 2023 03:36:33 GMT
1 < Connection: close
{"errors":["sideB must be higher than 0"]}

21:36:34.390 [main]  INFO  com.intuit.karate - [print] [
  "sideB must be higher than 0"
]
 
21:36:34.415 [main]  DEBUG com.intuit.karate - request:
1 > POST http://localhost:8080/type
1 > Content-Type: application/json; charset=UTF-8
1 > Content-Length: 31
1 > Host: localhost:8080
1 > Connection: Keep-Alive
1 > User-Agent: Apache-HttpClient/4.5.14 (Java/17.0.6)
1 > Accept-Encoding: gzip,deflate
{"sideA":0,"sideB":0,"sideC":0}

21:36:34.484 [main]  DEBUG com.intuit.karate - response time in milliseconds: 68
1 < 400
1 < Content-Type: application/json
1 < Transfer-Encoding: chunked
1 < Date: Tue, 28 Mar 2023 03:36:33 GMT
1 < Connection: close
{"errors":["sideC must be higher than 0","sideB must be higher than 0","sideA must be higher than 0"]}

21:36:34.490 [main]  INFO  com.intuit.karate - [print] [
  "sideC must be higher than 0",
  "sideB must be higher than 0",
  "sideA must be higher than 0"
]
 
21:36:34.518 [main]  DEBUG com.intuit.karate - request:
1 > POST http://localhost:8080/type
1 > Content-Type: application/json; charset=UTF-8
1 > Content-Length: 32
1 > Host: localhost:8080
1 > Connection: Keep-Alive
1 > User-Agent: Apache-HttpClient/4.5.14 (Java/17.0.6)
1 > Accept-Encoding: gzip,deflate
{"sideA":-1,"sideB":4,"sideC":3}

21:36:34.531 [main]  DEBUG com.intuit.karate - response time in milliseconds: 12
1 < 400
1 < Content-Type: application/json
1 < Transfer-Encoding: chunked
1 < Date: Tue, 28 Mar 2023 03:36:33 GMT
1 < Connection: close
{"errors":["sideA must be higher than 0"]}

21:36:34.538 [main]  INFO  com.intuit.karate - [print] [
  "sideA must be higher than 0"
]
 
21:36:34.561 [main]  DEBUG com.intuit.karate - request:
1 > POST http://localhost:8080/type
1 > Content-Type: application/json; charset=UTF-8
1 > Content-Length: 37
1 > Host: localhost:8080
1 > Connection: Keep-Alive
1 > User-Agent: Apache-HttpClient/4.5.14 (Java/17.0.6)
1 > Accept-Encoding: gzip,deflate
{"sideA":-100,"sideB":-4,"sideC":-26}

21:36:34.570 [main]  DEBUG com.intuit.karate - response time in milliseconds: 8
1 < 400
1 < Content-Type: application/json
1 < Transfer-Encoding: chunked
1 < Date: Tue, 28 Mar 2023 03:36:33 GMT
1 < Connection: close
{"errors":["sideC must be higher than 0","sideA must be higher than 0","sideB must be higher than 0"]}

21:36:34.575 [main]  INFO  com.intuit.karate - [print] [
  "sideC must be higher than 0",
  "sideA must be higher than 0",
  "sideB must be higher than 0"
]
 
21:36:34.599 [main]  DEBUG com.intuit.karate - request:
1 > POST http://localhost:8080/type
1 > Content-Type: application/json; charset=UTF-8
1 > Content-Length: 37
1 > Host: localhost:8080
1 > Connection: Keep-Alive
1 > User-Agent: Apache-HttpClient/4.5.14 (Java/17.0.6)
1 > Accept-Encoding: gzip,deflate
{"sideA":2,"sideB":"4.67f","sideC":3}

21:36:34.632 [main]  DEBUG com.intuit.karate - response time in milliseconds: 32
1 < 400
1 < Content-Type: application/json
1 < Transfer-Encoding: chunked
1 < Date: Tue, 28 Mar 2023 03:36:33 GMT
1 < Connection: close
{"timestamp":"2023-03-28T03:36:34.629+00:00","status":400,"error":"Bad Request","path":"/type"}

21:36:34.664 [main]  DEBUG com.intuit.karate - request:
1 > POST http://localhost:8080/type
1 > Content-Type: application/json; charset=UTF-8
1 > Content-Length: 58
1 > Host: localhost:8080
1 > Connection: Keep-Alive
1 > User-Agent: Apache-HttpClient/4.5.14 (Java/17.0.6)
1 > Accept-Encoding: gzip,deflate
{"sideA":2.71828183,"sideB":3.14159265,"sideC":1.61803399}

21:36:34.675 [main]  DEBUG com.intuit.karate - response time in milliseconds: 10
1 < 500
1 < Content-Type: application/json
1 < Transfer-Encoding: chunked
1 < Date: Tue, 28 Mar 2023 03:36:33 GMT
1 < Connection: close
{"timestamp":"2023-03-28T03:36:34.673+00:00","status":500,"error":"Internal Server Error","path":"/type"}

21:36:34.687 [main]  DEBUG com.intuit.karate - request:
1 > POST http://localhost:8080/type
1 > Content-Type: application/json; charset=UTF-8
1 > Content-Length: 58
1 > Host: localhost:8080
1 > Connection: Keep-Alive
1 > User-Agent: Apache-HttpClient/4.5.14 (Java/17.0.6)
1 > Accept-Encoding: gzip,deflate
{"sideA":2.71828183,"sideB":3.14159265,"sideC":4.44444444}

21:36:34.695 [main]  DEBUG com.intuit.karate - response time in milliseconds: 7
1 < 200
1 < Content-Type: application/json
1 < Transfer-Encoding: chunked
1 < Date: Tue, 28 Mar 2023 03:36:33 GMT
1 < Keep-Alive: timeout=60
1 < Connection: keep-alive
{"type":"SCALENE"}

21:36:34.699 [main]  INFO  com.intuit.karate - [print] SCALENE 
21:36:38.124 [main]  INFO  com.intuit.karate.Suite - <<pass>> feature 1 of 1 (0 remaining) triangle-karate-test/src/test/java/triangle/type/TriangleType.feature
